0 info it worked if it ends with ok
1 verbose cli [ '/usr/local/bin/node',
1 verbose cli   '/usr/local/bin/npm',
1 verbose cli   'run',
1 verbose cli   'gulp',
1 verbose cli   'patternlab:serve' ]
2 info using npm@2.15.5
3 info using node@v4.4.5
4 verbose run-script [ 'pregulp', 'gulp', 'postgulp' ]
5 info pregulp edition-node-gulp@1.3.2
6 info gulp edition-node-gulp@1.3.2
7 verbose unsafe-perm in lifecycle true
8 info edition-node-gulp@1.3.2 Failed to exec gulp script
9 verbose stack Error: edition-node-gulp@1.3.2 gulp: `gulp --  "patternlab:serve"`
9 verbose stack Exit status 1
9 verbose stack     at EventEmitter.<anonymous> (/usr/local/lib/node_modules/npm/lib/utils/lifecycle.js:217:16)
9 verbose stack     at emitTwo (events.js:87:13)
9 verbose stack     at EventEmitter.emit (events.js:172:7)
9 verbose stack     at ChildProcess.<anonymous> (/usr/local/lib/node_modules/npm/lib/utils/spawn.js:24:14)
9 verbose stack     at emitTwo (events.js:87:13)
9 verbose stack     at ChildProcess.emit (events.js:172:7)
9 verbose stack     at maybeClose (internal/child_process.js:827:16)
9 verbose stack     at Process.ChildProcess._handle.onexit (internal/child_process.js:211:5)
10 verbose pkgid edition-node-gulp@1.3.2
11 verbose cwd /Users/srambach/Documents/Redhat/patternfly-atomic
12 error Darwin 15.5.0
13 error argv "/usr/local/bin/node" "/usr/local/bin/npm" "run" "gulp" "patternlab:serve"
14 error node v4.4.5
15 error npm  v2.15.5
16 error code ELIFECYCLE
17 error edition-node-gulp@1.3.2 gulp: `gulp --  "patternlab:serve"`
17 error Exit status 1
18 error Failed at the edition-node-gulp@1.3.2 gulp script 'gulp --  "patternlab:serve"'.
18 error This is most likely a problem with the edition-node-gulp package,
18 error not with npm itself.
18 error Tell the author that this fails on your system:
18 error     gulp --  "patternlab:serve"
18 error You can get information on how to open an issue for this project with:
18 error     npm bugs edition-node-gulp
18 error Or if that isn't available, you can get their info via:
18 error
18 error     npm owner ls edition-node-gulp
18 error There is likely additional logging output above.
19 verbose exit [ 1, true ]
